<?xml version="1.0" encoding="UTF-8"?>
<!-- Generated by org.testng.reporters.JUnitReportReporter -->
<testsuite skipped="0" hostname="BLT144" name="TestCases.Testcase_SelHQ" tests="1" failures="0" timestamp="11 Mar 2020 12:27:19 GMT" time="11.007" errors="0">
  <testcase name="run" time="11.007" classname="TestCases.Testcase_SelHQ"/>
</testsuite> <!-- TestCases.Testcase_SelHQ -->
